<?xml version="1.0" encoding="UTF-8"?>
<testng-results ignored="0" total="1" passed="1" failed="0" skipped="0">
  <reporter-output>
  </reporter-output>
  <suite started-at="2023-08-18T13:23:49 IST" name="Default suite" finished-at="2023-08-18T13:24:12 IST" duration-ms="22688">
    <groups>
    </groups>
    <test started-at="2023-08-18T13:23:49 IST" name="Default test" finished-at="2023-08-18T13:24:12 IST" duration-ms="22688">
      <class name="Scripts.TestCase_2">
        <test-method is-config="true" signature="openApp()[pri:0, instance:Scripts.TestCase_2@53aac487]" started-at="2023-08-18T13:23:49 IST" name="openApp" finished-at="2023-08-18T13:23:58 IST" duration-ms="8507" status="PASS">
          <reporter-output>
          </reporter-output>
        </test-method> <!-- openApp -->
        <test-method signature="tc1()[pri:0, instance:Scripts.TestCase_2@53aac487]" started-at="2023-08-18T13:23:58 IST" name="tc1" finished-at="2023-08-18T13:24:11 IST" duration-ms="13786" status="PASS">
          <reporter-output>
          </reporter-output>
        </test-method> <!-- tc1 -->
        <test-method is-config="true" signature="closeAppp(org.testng.ITestResult)[pri:0, instance:Scripts.TestCase_2@53aac487]" started-at="2023-08-18T13:24:11 IST" name="closeAppp" finished-at="2023-08-18T13:24:12 IST" duration-ms="290" status="PASS">
          <params>
            <param index="0">
              <value>
                <![CDATA[[TestResult name=tc1 status=SUCCESS method=TestCase_2.tc1()[pri:0, instance:Scripts.TestCase_2@53aac487] output={null}]]]>
              </value>
            </param>
          </params>
          <reporter-output>
          </reporter-output>
        </test-method> <!-- closeAppp -->
      </class> <!-- Scripts.TestCase_2 -->
    </test> <!-- Default test -->
  </suite> <!-- Default suite -->
</testng-results>
